android/blinkTest/app/build/intermediates/manifest_merge_blame_file/debug/manifest-merger-blame-debug-report.txt
1<?xml version="1.0" encoding="utf-8"?>
2<manifest xmlns:android="http://schemas.android.com/apk/res/android"
3    package="com.blinkslabs.blinkist.android.challenge"
4    android:versionCode="1"
5    android:versionName="1.0" >
6
7    <uses-sdk
8        android:minSdkVersion="21"
8-->src/main/AndroidManifest.xml
9        android:targetSdkVersion="29" />
9-->src/main/AndroidManifest.xml
10
11    <uses-permission android:name="android.permission.INTERNET" />
11-->src/main/AndroidManifest.xml:4:5-66
11-->src/main/AndroidManifest.xml:4:22-64
12
13    <application
13-->src/main/AndroidManifest.xml:6:5-28:19
14        android:name="com.blinkslabs.blinkist.android.challenge.BlinkistChallengeApplication"
14-->src/main/AndroidManifest.xml:7:9-53
15        android:allowBackup="true"
15-->src/main/AndroidManifest.xml:8:9-35
16        android:appComponentFactory="androidx.core.app.CoreComponentFactory"
16-->[androidx.core:core:1.3.0] AndroidManifest.xml:24:18-86
17        android:debuggable="true"
18        android:icon="@mipmap/ic_launcher"
18-->src/main/AndroidManifest.xml:9:9-43
19        android:label="@string/app_name"
19-->src/main/AndroidManifest.xml:10:9-41
20        android:roundIcon="@mipmap/ic_launcher_round"
20-->src/main/AndroidManifest.xml:11:9-54
21        android:supportsRtl="true"
21-->src/main/AndroidManifest.xml:12:9-35
22        android:testOnly="true"
23        android:theme="@style/AppTheme" >
23-->src/main/AndroidManifest.xml:13:9-40
24        <activity android:name="com.blinkslabs.blinkist.android.challenge.ui.BooksActivity" >
24-->src/main/AndroidManifest.xml:15:9-20:20
24-->src/main/AndroidManifest.xml:15:19-51
25            <intent-filter>
25-->src/main/AndroidManifest.xml:16:13-19:29
26                <action android:name="android.intent.action.MAIN" />
26-->src/main/AndroidManifest.xml:17:17-69
26-->src/main/AndroidManifest.xml:17:25-66
27
28                <category android:name="android.intent.category.LAUNCHER" />
28-->src/main/AndroidManifest.xml:18:17-77
28-->src/main/AndroidManifest.xml:18:27-74
29            </intent-filter>
30        </activity>
31        <activity
31-->src/main/AndroidManifest.xml:22:9-27:20
32            android:name="com.blinkslabs.blinkist.android.challenge.ui.WebViewActivity"
32-->src/main/AndroidManifest.xml:22:19-53
33            android:parentActivityName="com.blinkslabs.blinkist.android.challenge.ui.BooksActivity" >
33-->src/main/AndroidManifest.xml:23:13-59
34            <meta-data
34-->src/main/AndroidManifest.xml:24:13-26:53
35                android:name="android.support.PARENT_ACTIVITY"
35-->src/main/AndroidManifest.xml:25:17-63
36                android:value=".ui.BooksActivity" />
36-->src/main/AndroidManifest.xml:26:17-50
37        </activity>
38
39        <provider
39-->[com.squareup.picasso:picasso:2.71828] AndroidManifest.xml:8:9-11:40
40            android:name="com.squareup.picasso.PicassoProvider"
40-->[com.squareup.picasso:picasso:2.71828] AndroidManifest.xml:9:13-64
41            android:authorities="com.blinkslabs.blinkist.android.challenge.com.squareup.picasso"
41-->[com.squareup.picasso:picasso:2.71828] AndroidManifest.xml:10:13-72
42            android:exported="false" />
42-->[com.squareup.picasso:picasso:2.71828] AndroidManifest.xml:11:13-37
43    </application>
44
45</manifest>